<?xml version="1.0" encoding="UTF-8"?>
<!-- Generated by org.testng.reporters.JUnitXMLReporter -->
<testsuite ignored="11" hostname="DESKTOP-RL8SVL3" failures="1" tests="7" name="Test" time="0.991" errors="0" timestamp="2023-07-24T07:03:21 IST">
  <testcase classname="testNgg.FirefoxClass" name="test111" time="0.016"/>
  <testcase classname="testNgg.FirefoxClass" name="test222" time="0.012"/>
  <testcase classname="testNgg.FirefoxClass" name="test333" time="0.009"/>
  <testcase classname="testNgg.RetryAnalyz" name="Test1" time="0.025">
    <skipped/>
  </testcase> <!-- Test1 -->
  <testcase classname="testNgg.RetryAnalyz" name="Test1" time="0.026">
    <skipped/>
  </testcase> <!-- Test1 -->
  <testcase classname="testNgg.RetryAnalyz" name="Test1" time="0.021">
    <failure type="java.lang.AssertionError" message="expected [true] but found [false]">
      <![CDATA[java.lang.AssertionError: expected [true] but found [false]
at testNgg.RetryAnalyz.Test1(RetryAnalyz.java:11)
at java.base/java.util.ArrayList.forEach(ArrayList.java:1511)
... Removed 34 stack frames]]>
    </failure>
  </testcase> <!-- Test1 -->
  <testcase classname="testNgg.RetryAnalyz" name="Test2" time="0.004"/>
  <testcase classname="testNg.ChromeClass" name="test11" time="0.0">
    <ignored/>
  </testcase> <!-- test11 -->
  <testcase classname="testNg.ChromeClass" name="test33" time="0.0">
    <ignored/>
  </testcase> <!-- test33 -->
  <testcase classname="testNg.ChromeClass" name="test22" time="0.0">
    <ignored/>
  </testcase> <!-- test22 -->
  <testcase classname="testNg.RetryAnalyz" name="Test2" time="0.0">
    <ignored/>
  </testcase> <!-- Test2 -->
  <testcase classname="testNg.RetryAnalyz" name="Test1" time="0.0">
    <ignored/>
  </testcase> <!-- Test1 -->
  <testcase classname="testNg.FirefoxClass" name="test111" time="0.0">
    <ignored/>
  </testcase> <!-- test111 -->
  <testcase classname="testNgg.ChromeClass" name="test11" time="0.0">
    <ignored/>
  </testcase> <!-- test11 -->
  <testcase classname="testNgg.ChromeClass" name="test33" time="0.0">
    <ignored/>
  </testcase> <!-- test33 -->
  <testcase classname="testNgg.ChromeClass" name="test22" time="0.0">
    <ignored/>
  </testcase> <!-- test22 -->
  <testcase classname="testNg.FirefoxClass" name="test333" time="0.0">
    <ignored/>
  </testcase> <!-- test333 -->
  <testcase classname="testNg.FirefoxClass" name="test222" time="0.0">
    <ignored/>
  </testcase> <!-- test222 -->
</testsuite> <!-- Test -->
