<?xml version="1.0" encoding="UTF-8"?>
<!-- Generated by org.testng.reporters.JUnitXMLReporter -->
<testsuite ignored="2" hostname="DESKTOP-RL8SVL3" failures="0" tests="1" name="Default test" time="0.144" errors="0" timestamp="2023-07-24T06:52:37 IST">
  <testcase classname="testNg.ChromeClass" name="test33" time="0.021"/>
  <testcase classname="testNg.ChromeClass" name="test22" time="0.0">
    <ignored/>
  </testcase> <!-- test22 -->
  <testcase classname="testNg.ChromeClass" name="test11" time="0.0">
    <ignored/>
  </testcase> <!-- test11 -->
</testsuite> <!-- Default test -->
